<?xml version="1.0" encoding="UTF-8"?>
<!-- Generated by org.testng.reporters.JUnitReportReporter -->
<testsuite hostname="Thamizh" failures="0" tests="1" name="websitecap.webmaintest" time="10.331" errors="0" timestamp="2023-04-11T18:47:57 IST" skipped="0">
  <testcase classname="websitecap.webmaintest" name="OpenBrowser" time="10.331"/>
  <system-out/>
</testsuite> <!-- websitecap.webmaintest -->
