<?xml version="1.0" encoding="UTF-8"?>
<!-- Generated by org.testng.reporters.JUnitReportReporter -->
<testsuite hostname="Thamizh" failures="0" tests="1" name="webtest.webtest" time="8.222" errors="0" timestamp="2023-04-14T01:18:00 IST" skipped="0">
  <testcase classname="webtest.webtest" name="Browser2" time="8.222"/>
  <system-out/>
</testsuite> <!-- webtest.webtest -->
